
/home/runner/work/exp-intrusion-detection-system-au/exp-intrusion-detection-system-au/experiment/js/291.435e346b.js
  1:4652   warning  't' is defined but never used     no-unused-vars
  1:4918   warning  't' is defined but never used     no-unused-vars
  1:5142   warning  't' is defined but never used     no-unused-vars
  1:5355   warning  't' is defined but never used     no-unused-vars
  1:5544   warning  't' is defined but never used     no-unused-vars
  1:5783   warning  't' is defined but never used     no-unused-vars
  1:8346   warning  'i' is defined but never used     no-unused-vars
  1:8348   warning  'n' is defined but never used     no-unused-vars
  1:8350   warning  'l' is defined but never used     no-unused-vars
  1:8791   warning  'e' is defined but never used     no-unused-vars
  1:8793   warning  's' is defined but never used     no-unused-vars
  1:8795   warning  'o' is defined but never used     no-unused-vars
  1:8797   warning  'i' is defined but never used     no-unused-vars
  1:8799   warning  'n' is defined but never used     no-unused-vars
  1:12863  warning  'i' is defined but never used     no-unused-vars
  1:12865  warning  'n' is defined but never used     no-unused-vars
  1:12867  warning  'l' is defined but never used     no-unused-vars
  1:14027  warning  't' is defined but never used     no-unused-vars
  1:14366  warning  't' is defined but never used     no-unused-vars
  1:14452  warning  't' is defined but never used     no-unused-vars
  1:16863  warning  'e' is defined but never used     no-unused-vars
  1:20519  warning  Unnecessary escape character: \/  no-useless-escape

/home/runner/work/exp-intrusion-detection-system-au/exp-intrusion-detection-system-au/experiment/js/791.b9bc7bbc.js
  1:176  warning  'n' is defined but never used  no-unused-vars
  1:178  warning  'e' is defined but never used  no-unused-vars

/home/runner/work/exp-intrusion-detection-system-au/exp-intrusion-detection-system-au/experiment/js/app.4bd13042.js
  1:89    warning  'e' is defined but never used           no-unused-vars
  1:91    warning  'n' is defined but never used           no-unused-vars
  1:1845  warning  'u' is defined but never used           no-unused-vars
  1:4893  warning  'r' is assigned a value but never used  no-unused-vars

/home/runner/work/exp-intrusion-detection-system-au/exp-intrusion-detection-system-au/experiment/js/chunk-vendors.782e4a2e.js
  1:1813   warning  Empty block statement                                                            no-empty
  1:3883   warning  Do not access Object.prototype method 'hasOwnProperty' from target object        no-prototype-builtins
  1:5407   warning  Do not access Object.prototype method 'propertyIsEnumerable' from target object  no-prototype-builtins
  1:6037   warning  'b.get' is assigned to itself                                                    no-self-assign
  1:6049   warning  'b.has' is assigned to itself                                                    no-self-assign
  1:6061   warning  'b.set' is assigned to itself                                                    no-self-assign
  1:8223   warning  Empty block statement                                                            no-empty
  1:9006   warning  Empty block statement                                                            no-empty
  1:9311   warning  Empty block statement                                                            no-empty
  1:13496  warning  'e' is defined but never used                                                    no-unused-vars
  1:13915  warning  'e' is defined but never used                                                    no-unused-vars
  1:16594  warning  't' is defined but never used                                                    no-unused-vars
  1:16694  warning  'i' is defined but never used                                                    no-unused-vars
  1:16696  warning  's' is defined but never used                                                    no-unused-vars
  1:17381  warning  't' is defined but never used                                                    no-unused-vars
  1:18063  warning  Do not access Object.prototype method 'hasOwnProperty' from target object        no-prototype-builtins
  1:19235  warning  'e' is defined but never used                                                    no-unused-vars
  1:19237  warning  't' is defined but never used                                                    no-unused-vars
  1:19265  warning  'e' is defined but never used                                                    no-unused-vars
  1:19267  warning  't' is defined but never used                                                    no-unused-vars
  1:20908  warning  't' is defined but never used                                                    no-unused-vars
  1:23004  warning  't' is defined but never used                                                    no-unused-vars
  1:25656  warning  'r' is assigned a value but never used                                           no-unused-vars
  1:26339  warning  'e' is defined but never used                                                    no-unused-vars
  1:28017  warning  'n' is defined but never used                                                    no-unused-vars
  1:30209  warning  'u' is assigned a value but never used                                           no-unused-vars
  1:30221  warning  'a' is assigned a value but never used                                           no-unused-vars
  1:32590  warning  'e' is assigned a value but never used                                           no-unused-vars
  1:35111  warning  'de' is defined but never used                                                   no-unused-vars
  1:35574  warning  'ye' is defined but never used                                                   no-unused-vars
  1:35625  warning  'be' is defined but never used                                                   no-unused-vars
  1:36640  warning  'n' is assigned a value but never used                                           no-unused-vars
  1:39716  warning  'b' is assigned a value but never used                                           no-unused-vars
  1:39744  warning  'w' is assigned a value but never used                                           no-unused-vars
  1:39892  warning  'A' is assigned a value but never used                                           no-unused-vars
  1:40349  warning  Setter cannot return a value                                                     no-setter-return
  1:40789  warning  Setter cannot return a value                                                     no-setter-return
  1:40949  warning  'n' is assigned a value but never used                                           no-unused-vars
  1:41189  warning  Setter cannot return a value                                                     no-setter-return
  1:45592  warning  'n' is defined but never used                                                    no-unused-vars
  1:63032  warning  'n' is defined but never used                                                    no-unused-vars
  1:65136  warning  Unexpected constant condition                                                    no-constant-condition
  1:66361  warning  'i' is defined but never used                                                    no-unused-vars
  1:67396  warning  Expected a conditional expression and instead saw an assignment                  no-cond-assign
  1:77196  warning  Do not access Object.prototype method 'hasOwnProperty' from target object        no-prototype-builtins
  1:77218  warning  Do not access Object.prototype method 'hasOwnProperty' from target object        no-prototype-builtins
  7:1707   warning  Unnecessary escape character: \/                                                 no-useless-escape
  7:2935   warning  't' is defined but never used                                                    no-unused-vars
  7:10572  warning  Empty block statement                                                            no-empty
  7:14902  warning  'i' is defined but never used                                                    no-unused-vars
  7:20477  warning  'e' is defined but never used                                                    no-unused-vars

/home/runner/work/exp-intrusion-detection-system-au/exp-intrusion-detection-system-au/experiment/simulation/js/266.dec249e9.js
  1:4652   warning  't' is defined but never used     no-unused-vars
  1:4918   warning  't' is defined but never used     no-unused-vars
  1:5142   warning  't' is defined but never used     no-unused-vars
  1:5355   warning  't' is defined but never used     no-unused-vars
  1:5544   warning  't' is defined but never used     no-unused-vars
  1:5783   warning  't' is defined but never used     no-unused-vars
  1:8346   warning  'i' is defined but never used     no-unused-vars
  1:8348   warning  'n' is defined but never used     no-unused-vars
  1:8350   warning  'l' is defined but never used     no-unused-vars
  1:8791   warning  'e' is defined but never used     no-unused-vars
  1:8793   warning  's' is defined but never used     no-unused-vars
  1:8795   warning  'o' is defined but never used     no-unused-vars
  1:8797   warning  'i' is defined but never used     no-unused-vars
  1:8799   warning  'n' is defined but never used     no-unused-vars
  1:12863  warning  'i' is defined but never used     no-unused-vars
  1:12865  warning  'n' is defined but never used     no-unused-vars
  1:12867  warning  'l' is defined but never used     no-unused-vars
  1:14027  warning  't' is defined but never used     no-unused-vars
  1:14366  warning  't' is defined but never used     no-unused-vars
  1:14452  warning  't' is defined but never used     no-unused-vars
  1:16863  warning  'e' is defined but never used     no-unused-vars
  1:20519  warning  Unnecessary escape character: \/  no-useless-escape

/home/runner/work/exp-intrusion-detection-system-au/exp-intrusion-detection-system-au/experiment/simulation/js/791.11275300.js
  1:176  warning  'n' is defined but never used  no-unused-vars
  1:178  warning  'e' is defined but never used  no-unused-vars

/home/runner/work/exp-intrusion-detection-system-au/exp-intrusion-detection-system-au/experiment/simulation/js/app.0e9668e2.js
  1:89    warning  'e' is defined but never used           no-unused-vars
  1:91    warning  'n' is defined but never used           no-unused-vars
  1:1845  warning  'u' is defined but never used           no-unused-vars
  1:4847  warning  'r' is assigned a value but never used  no-unused-vars

/home/runner/work/exp-intrusion-detection-system-au/exp-intrusion-detection-system-au/experiment/simulation/js/chunk-vendors.782e4a2e.js
  1:1813   warning  Empty block statement                                                            no-empty
  1:3883   warning  Do not access Object.prototype method 'hasOwnProperty' from target object        no-prototype-builtins
  1:5407   warning  Do not access Object.prototype method 'propertyIsEnumerable' from target object  no-prototype-builtins
  1:6037   warning  'b.get' is assigned to itself                                                    no-self-assign
  1:6049   warning  'b.has' is assigned to itself                                                    no-self-assign
  1:6061   warning  'b.set' is assigned to itself                                                    no-self-assign
  1:8223   warning  Empty block statement                                                            no-empty
  1:9006   warning  Empty block statement                                                            no-empty
  1:9311   warning  Empty block statement                                                            no-empty
  1:13496  warning  'e' is defined but never used                                                    no-unused-vars
  1:13915  warning  'e' is defined but never used                                                    no-unused-vars
  1:16594  warning  't' is defined but never used                                                    no-unused-vars
  1:16694  warning  'i' is defined but never used                                                    no-unused-vars
  1:16696  warning  's' is defined but never used                                                    no-unused-vars
  1:17381  warning  't' is defined but never used                                                    no-unused-vars
  1:18063  warning  Do not access Object.prototype method 'hasOwnProperty' from target object        no-prototype-builtins
  1:19235  warning  'e' is defined but never used                                                    no-unused-vars
  1:19237  warning  't' is defined but never used                                                    no-unused-vars
  1:19265  warning  'e' is defined but never used                                                    no-unused-vars
  1:19267  warning  't' is defined but never used                                                    no-unused-vars
  1:20908  warning  't' is defined but never used                                                    no-unused-vars
  1:23004  warning  't' is defined but never used                                                    no-unused-vars
  1:25656  warning  'r' is assigned a value but never used                                           no-unused-vars
  1:26339  warning  'e' is defined but never used                                                    no-unused-vars
  1:28017  warning  'n' is defined but never used                                                    no-unused-vars
  1:30209  warning  'u' is assigned a value but never used                                           no-unused-vars
  1:30221  warning  'a' is assigned a value but never used                                           no-unused-vars
  1:32590  warning  'e' is assigned a value but never used                                           no-unused-vars
  1:35111  warning  'de' is defined but never used                                                   no-unused-vars
  1:35574  warning  'ye' is defined but never used                                                   no-unused-vars
  1:35625  warning  'be' is defined but never used                                                   no-unused-vars
  1:36640  warning  'n' is assigned a value but never used                                           no-unused-vars
  1:39716  warning  'b' is assigned a value but never used                                           no-unused-vars
  1:39744  warning  'w' is assigned a value but never used                                           no-unused-vars
  1:39892  warning  'A' is assigned a value but never used                                           no-unused-vars
  1:40349  warning  Setter cannot return a value                                                     no-setter-return
  1:40789  warning  Setter cannot return a value                                                     no-setter-return
  1:40949  warning  'n' is assigned a value but never used                                           no-unused-vars
  1:41189  warning  Setter cannot return a value                                                     no-setter-return
  1:45592  warning  'n' is defined but never used                                                    no-unused-vars
  1:63032  warning  'n' is defined but never used                                                    no-unused-vars
  1:65136  warning  Unexpected constant condition                                                    no-constant-condition
  1:66361  warning  'i' is defined but never used                                                    no-unused-vars
  1:67396  warning  Expected a conditional expression and instead saw an assignment                  no-cond-assign
  1:77196  warning  Do not access Object.prototype method 'hasOwnProperty' from target object        no-prototype-builtins
  1:77218  warning  Do not access Object.prototype method 'hasOwnProperty' from target object        no-prototype-builtins
  7:1707   warning  Unnecessary escape character: \/                                                 no-useless-escape
  7:2935   warning  't' is defined but never used                                                    no-unused-vars
  7:10572  warning  Empty block statement                                                            no-empty
  7:14902  warning  'i' is defined but never used                                                    no-unused-vars
  7:20477  warning  'e' is defined but never used                                                    no-unused-vars

✖ 158 problems (0 errors, 158 warnings)

